\BOOKMARK [0][-]{chapter*.1}{誌謝}{}% 1
\BOOKMARK [0][-]{chapter*.2}{摘要}{}% 2
\BOOKMARK [0][-]{chapter*.3}{Abstract}{}% 3
\BOOKMARK [0][-]{chapter.1}{Introduction}{}% 4
\BOOKMARK [0][-]{chapter.2}{Methodology}{}% 5
\BOOKMARK [1][-]{section.2.1}{Simulation}{chapter.2}% 6
\BOOKMARK [1][-]{section.2.2}{Data\040Preprocessing}{chapter.2}% 7
\BOOKMARK [2][-]{subsection.2.2.1}{Clustering}{section.2.2}% 8
\BOOKMARK [2][-]{subsection.2.2.2}{Univariate\040Boxplot}{section.2.2}% 9
\BOOKMARK [2][-]{subsection.2.2.3}{Bootstrap}{section.2.2}% 10
\BOOKMARK [1][-]{section.2.3}{Surrogate\040Model}{chapter.2}% 11
\BOOKMARK [2][-]{subsection.2.3.1}{Selection\040of\040Surrogate\040Model}{section.2.3}% 12
\BOOKMARK [2][-]{subsection.2.3.2}{K-fold\040cross-validation}{section.2.3}% 13
\BOOKMARK [2][-]{subsection.2.3.3}{Gaussian\040Process}{section.2.3}% 14
\BOOKMARK [1][-]{section.2.4}{Metaheuristics}{chapter.2}% 15
\BOOKMARK [2][-]{subsection.2.4.1}{Genetic\040Algorithm}{section.2.4}% 16
\BOOKMARK [2][-]{subsection.2.4.2}{Particle\040Swarm\040Optimization\040Algorithm}{section.2.4}% 17
\BOOKMARK [0][-]{chapter.3}{Numerical\040Analysis}{}% 18
\BOOKMARK [1][-]{section.3.1}{Data\040Intergration}{chapter.3}% 19
\BOOKMARK [1][-]{section.3.2}{Surrogate\040Model\040Development}{chapter.3}% 20
\BOOKMARK [1][-]{section.3.3}{Building\040Gaussian\040Process\040Regression}{chapter.3}% 21
\BOOKMARK [1][-]{section.3.4}{Finding\040parameters\040via\040Metaheuristics}{chapter.3}% 22
\BOOKMARK [2][-]{subsection.3.4.1}{The\040performance\040of\040Surrogate-model\040Fitting\040Error}{section.3.4}% 23
\BOOKMARK [2][-]{subsection.3.4.2}{The\040performance\040of\040Predicted\040Error}{section.3.4}% 24
\BOOKMARK [2][-]{subsection.3.4.3}{The\040performance\040of\040Optimal\040Solution\040Fitting\040Error}{section.3.4}% 25
\BOOKMARK [2][-]{subsection.3.4.4}{The\040performance\040of\040Final\040Error}{section.3.4}% 26
\BOOKMARK [2][-]{subsection.3.4.5}{The\040performance\040of\040Genetic\040Algorithm\040and\040Particle\040Swarm\040Optimization}{section.3.4}% 27
\BOOKMARK [0][-]{chapter.4}{Conclusion}{}% 28
\BOOKMARK [0][-]{chapter.4}{Bibliography}{}% 29
